<?xml version="1.0" encoding="UTF-8"?>
<testsuite xmlns:xsi="http://www.w3.org/2001/XMLSchema-instance" xsi:noNamespaceSchemaLocation="https://maven.apache.org/surefire/maven-surefire-plugin/xsd/surefire-test-report-3.0.xsd" version="3.0" name="com.project.InfoHuffmanImplementationTest" time="0.02" tests="4" errors="0" skipped="0" failures="0">
  <properties>
[...]
</properties>
  <testcase name="should_CreateAndReturnCorrectDictionary_When_FileIsValid" classname="com.project.InfoHuffmanImplementationTest" time="0.007"/>
  <testcase name="should_ThrowException_When_FileIsInvalid_hfdictionary" classname="com.project.InfoHuffmanImplementationTest" time="0.002"/>
  <testcase name="should_ReturnArrayListOfBits_When_InputFileIsValid" classname="com.project.InfoHuffmanImplementationTest" time="0.002"/>
  <testcase name="should_ThrowException_When_InputFileIsInvalid_getBits" classname="com.project.InfoHuffmanImplementationTest" time="0.001"/>
</testsuite>